<?xml version="1.0" encoding="UTF-8"?>
<!-- Generated by org.testng.reporters.JUnitReportReporter -->
<testsuite hostname="hp" failures="0" tests="1" name="TestClasses.Test_1" time="11.689" errors="0" timestamp="2023-01-23T15:03:54 IST" skipped="0">
  <testcase classname="TestClasses.Test_1" name="verifyusername12" time="11.689"/>
  <system-out/>
</testsuite> <!-- TestClasses.Test_1 -->
